SBERBANK_CALLBACK.PHP
----------------------------
DATE: 2021-02-11 02:09:52
DATA: 
Array
(
    [orderNumber] => 0
    [mdOrder] => 0
    [ORDER_ID] => 3866
    [PAYMENT_ID] => 3866
    [PAYMENT] => SBERBANK_POKUPAY
)



SBERBANK_CALLBACK.PHP
----------------------------
DATE: 2021-02-11 02:09:53
DATA: 
Array
(
    [orderNumber] => 3866_3866_1612998579
    [mdOrder] => b051de68-612b-72d3-a640-1aba02416c52
    [ORDER_ID] => 3866
    [PAYMENT_ID] => 3866
    [PAYMENT] => SBERBANK_POKUPAY
)



SBERBANK_CALLBACK.PHP
----------------------------
DATE: 2021-02-11 02:10:21
DATA: 
Array
(
    [orderNumber] => 0
    [mdOrder] => 0
    [ORDER_ID] => 3866
    [PAYMENT_ID] => 3866
    [PAYMENT] => SBERBANK_POKUPAY
)



SBERBANK_CALLBACK.PHP
----------------------------
DATE: 2021-02-11 02:14:15
DATA: 
Array
(
    [orderNumber] => 0
    [mdOrder] => 0
    [ORDER_ID] => 3866
    [PAYMENT_ID] => 3866
    [PAYMENT] => SBERBANK_POKUPAY
)



SBERBANK_CALLBACK.PHP
----------------------------
DATE: 2021-02-11 02:14:16
DATA: 
Array
(
    [orderNumber] => 3866_3866_1612998845
    [mdOrder] => 5c600603-b120-71cf-8a8e-123202416c52
    [ORDER_ID] => 3866
    [PAYMENT_ID] => 3866
    [PAYMENT] => SBERBANK_POKUPAY
)



SBERBANK_CALLBACK.PHP
----------------------------
DATE: 2021-02-11 02:21:15
DATA: 
Array
(
    [orderNumber] => 0
    [mdOrder] => 0
    [ORDER_ID] => 3866
    [PAYMENT_ID] => 3866
    [PAYMENT] => SBERBANK_POKUPAY
)



SBERBANK_CALLBACK.PHP
----------------------------
DATE: 2021-02-11 02:21:16
DATA: 
Array
(
    [orderNumber] => 3866_3866_1612999263
    [mdOrder] => d8b89e3a-16df-78b8-bebe-27cc02416c52
    [ORDER_ID] => 3866
    [PAYMENT_ID] => 3866
    [PAYMENT] => SBERBANK_POKUPAY
)



SBERBANK_CALLBACK.PHP
----------------------------
DATE: 2021-02-11 16:42:38
DATA: 
Array
(
    [orderNumber] => 0
    [mdOrder] => 0
    [ORDER_ID] => 3841
    [PAYMENT_ID] => 3841
    [PAYMENT] => SBERBANK_POKUPAY
)



SBERBANK_CALLBACK.PHP
----------------------------
DATE: 2021-02-11 16:42:38
DATA: 
Array
(
    [orderNumber] => 3841_3841_1613050943
    [mdOrder] => 6f964a29-e05d-71c1-b073-507e02416c52
    [ORDER_ID] => 3841
    [PAYMENT_ID] => 3841
    [PAYMENT] => SBERBANK_POKUPAY
)



SBERBANK_CALLBACK.PHP
----------------------------
DATE: 2021-02-11 16:53:12
DATA: 
Array
(
    [orderNumber] => 0
    [mdOrder] => 0
    [ORDER_ID] => 3841
    [PAYMENT_ID] => 3841
    [PAYMENT] => SBERBANK_POKUPAY
)



SBERBANK_CALLBACK.PHP
----------------------------
DATE: 2021-02-11 16:53:13
DATA: 
Array
(
    [orderNumber] => 3841_3841_1613051582
    [mdOrder] => ca09e588-96d2-724b-b925-e96a02416c52
    [ORDER_ID] => 3841
    [PAYMENT_ID] => 3841
    [PAYMENT] => SBERBANK_POKUPAY
)



SBERBANK_CALLBACK.PHP
----------------------------
DATE: 2021-02-12 09:04:54
DATA: 
Array
(
    [orderNumber] => 0
    [mdOrder] => 0
    [ORDER_ID] => 3841
    [PAYMENT_ID] => 3841
    [PAYMENT] => SBERBANK_POKUPAY
)



SBERBANK_CALLBACK.PHP
----------------------------
DATE: 2021-02-12 09:04:55
DATA: 
Array
(
    [orderNumber] => 3841_3841_1613109884
    [mdOrder] => a3163c6f-b7c0-7738-8dd5-094002416c52
    [ORDER_ID] => 3841
    [PAYMENT_ID] => 3841
    [PAYMENT] => SBERBANK_POKUPAY
)



SBERBANK_CALLBACK.PHP
----------------------------
DATE: 2021-02-12 16:13:29
DATA: 
Array
(
    [orderNumber] => 0
    [mdOrder] => 0
    [ORDER_ID] => 3890
    [PAYMENT_ID] => 3890
    [PAYMENT] => SBERBANK_POKUPAY
)



SBERBANK_CALLBACK.PHP
----------------------------
DATE: 2021-02-12 16:13:30
DATA: 
Array
(
    [orderNumber] => 3890_3890_1613135599
    [mdOrder] => cacb139c-9046-7139-95e7-fb4a02416c52
    [ORDER_ID] => 3890
    [PAYMENT_ID] => 3890
    [PAYMENT] => SBERBANK_POKUPAY
)



SBERBANK_CALLBACK.PHP
----------------------------
DATE: 2021-02-13 00:32:09
DATA: 
Array
(
    [orderNumber] => 0
    [mdOrder] => 0
    [ORDER_ID] => 3841
    [PAYMENT_ID] => 3841
    [PAYMENT] => SBERBANK_POKUPAY
)



SBERBANK_CALLBACK.PHP
----------------------------
DATE: 2021-02-13 00:32:10
DATA: 
Array
(
    [orderNumber] => 3841_3841_1613165519
    [mdOrder] => 28f5a598-6016-7cde-9585-f28c02416c52
    [ORDER_ID] => 3841
    [PAYMENT_ID] => 3841
    [PAYMENT] => SBERBANK_POKUPAY
)



SBERBANK_CALLBACK.PHP
----------------------------
DATE: 2021-02-13 01:22:56
DATA: 
Array
(
    [orderNumber] => 0
    [mdOrder] => 0
    [ORDER_ID] => 3841
    [PAYMENT_ID] => 3841
    [PAYMENT] => SBERBANK_POKUPAY
)



SBERBANK_CALLBACK.PHP
----------------------------
DATE: 2021-02-13 01:22:57
DATA: 
Array
(
    [orderNumber] => 3841_3841_1613168565
    [mdOrder] => bcb49c8c-16ed-7c9c-aa97-93f602416c52
    [ORDER_ID] => 3841
    [PAYMENT_ID] => 3841
    [PAYMENT] => SBERBANK_POKUPAY
)



SBERBANK_CALLBACK.PHP
----------------------------
DATE: 2021-02-13 14:21:37
DATA: 
Array
(
    [orderNumber] => 0
    [mdOrder] => 0
    [ORDER_ID] => 3841
    [PAYMENT_ID] => 3841
    [PAYMENT] => SBERBANK_POKUPAY
)



SBERBANK_CALLBACK.PHP
----------------------------
DATE: 2021-02-13 14:21:38
DATA: 
Array
(
    [orderNumber] => 3841_3841_1613215287
    [mdOrder] => 9e5953e8-8098-7d83-a79b-44a402416c52
    [ORDER_ID] => 3841
    [PAYMENT_ID] => 3841
    [PAYMENT] => SBERBANK_POKUPAY
)



SBERBANK_CALLBACK.PHP
----------------------------
DATE: 2021-02-14 09:58:41
DATA: 
Array
(
    [orderNumber] => 0
    [mdOrder] => 0
    [ORDER_ID] => 3841
    [PAYMENT_ID] => 3841
    [PAYMENT] => SBERBANK_POKUPAY
)



SBERBANK_CALLBACK.PHP
----------------------------
DATE: 2021-02-14 09:58:42
DATA: 
Array
(
    [orderNumber] => 3841_3841_1613285910
    [mdOrder] => e1c11b7a-761b-7ecf-a34a-a36b02416c52
    [ORDER_ID] => 3841
    [PAYMENT_ID] => 3841
    [PAYMENT] => SBERBANK_POKUPAY
)



SBERBANK_CALLBACK.PHP
----------------------------
DATE: 2021-02-15 05:51:46
DATA: 
Array
(
    [orderNumber] => 0
    [mdOrder] => 0
    [ORDER_ID] => 3841
    [PAYMENT_ID] => 3841
    [PAYMENT] => SBERBANK_POKUPAY
)



SBERBANK_CALLBACK.PHP
----------------------------
DATE: 2021-02-15 05:51:47
DATA: 
Array
(
    [orderNumber] => 3841_3841_1613357495
    [mdOrder] => 9b77b5ef-56e5-7484-ac1c-01c902416c52
    [ORDER_ID] => 3841
    [PAYMENT_ID] => 3841
    [PAYMENT] => SBERBANK_POKUPAY
)



SBERBANK_CALLBACK.PHP
----------------------------
DATE: 2021-02-18 10:13:19
DATA: 
Array
(
    [orderNumber] => 0
    [mdOrder] => 0
    [ORDER_ID] => 3930
    [PAYMENT_ID] => 3930
    [PAYMENT] => SBERBANK_POKUPAY
)



SBERBANK_CALLBACK.PHP
----------------------------
DATE: 2021-02-18 10:13:20
DATA: 
Array
(
    [orderNumber] => 3930_3930_1613632384
    [mdOrder] => c7493b20-2200-7285-857e-061902416c52
    [ORDER_ID] => 3930
    [PAYMENT_ID] => 3930
    [PAYMENT] => SBERBANK_POKUPAY
)



SBERBANK_CALLBACK.PHP
----------------------------
DATE: 2021-02-18 10:19:46
DATA: 
Array
(
    [orderNumber] => 0
    [mdOrder] => 0
    [ORDER_ID] => 3930
    [PAYMENT_ID] => 3930
    [PAYMENT] => SBERBANK_POKUPAY
)



SBERBANK_CALLBACK.PHP
----------------------------
DATE: 2021-02-18 10:19:46
DATA: 
Array
(
    [orderNumber] => 3930_3930_1613632775
    [mdOrder] => aa637d8e-f81f-7e2f-a781-442502416c52
    [ORDER_ID] => 3930
    [PAYMENT_ID] => 3930
    [PAYMENT] => SBERBANK_POKUPAY
)



SBERBANK_CALLBACK.PHP
----------------------------
DATE: 2021-02-19 15:49:11
DATA: 
Array
(
    [orderNumber] => 3841_3841_1613738939
    [mdOrder] => 9df31f7a-09fe-7e22-b642-cebd02416c52
    [ORDER_ID] => 3841
    [PAYMENT_ID] => 3841
    [PAYMENT] => SBERBANK_POKUPAY
)



SBERBANK_CALLBACK.PHP
----------------------------
DATE: 2021-02-19 15:49:11
DATA: 
Array
(
    [orderNumber] => 0
    [mdOrder] => 0
    [ORDER_ID] => 3841
    [PAYMENT_ID] => 3841
    [PAYMENT] => SBERBANK_POKUPAY
)



SBERBANK_CALLBACK.PHP
----------------------------
DATE: 2021-02-24 08:38:19
DATA: 
Array
(
    [orderNumber] => 0
    [mdOrder] => 0
    [ORDER_ID] => 3989
    [PAYMENT_ID] => 3989
    [PAYMENT] => SBERBANK_POKUPAY
)



SBERBANK_CALLBACK.PHP
----------------------------
DATE: 2021-02-25 03:35:07
DATA: 
Array
(
    [orderNumber] => 0
    [mdOrder] => 0
    [ORDER_ID] => 3998
    [PAYMENT_ID] => 3998
    [PAYMENT] => SBERBANK_POKUPAY
)



SBERBANK_CALLBACK.PHP
----------------------------
DATE: 2021-02-25 03:35:08
DATA: 
Array
(
    [orderNumber] => 3998_3998_1614213297
    [mdOrder] => 9b367e09-1661-78e5-a3be-0a6b02416c52
    [ORDER_ID] => 3998
    [PAYMENT_ID] => 3998
    [PAYMENT] => SBERBANK_POKUPAY
)



SBERBANK_CALLBACK.PHP
----------------------------
DATE: 2021-02-25 03:43:18
DATA: 
Array
(
    [orderNumber] => 0
    [mdOrder] => 0
    [ORDER_ID] => 3999
    [PAYMENT_ID] => 3999
    [PAYMENT] => SBERBANK_POKUPAY
)



SBERBANK_CALLBACK.PHP
----------------------------
DATE: 2021-02-25 03:54:15
DATA: 
Array
(
    [orderNumber] => 0
    [mdOrder] => 0
    [ORDER_ID] => 3999
    [PAYMENT_ID] => 3999
    [PAYMENT] => SBERBANK_POKUPAY
)



SBERBANK_CALLBACK.PHP
----------------------------
DATE: 2021-03-14 12:53:14
DATA: 
Array
(
    [orderNumber] => 4098_4098_1615715415
    [mdOrder] => 117b0975-3e5e-750e-9578-8fdd02416c52
    [ORDER_ID] => 4098
    [PAYMENT_ID] => 4098
    [PAYMENT] => SBERBANK_POKUPAY
)



SBERBANK_CALLBACK.PHP
----------------------------
DATE: 2021-03-25 12:16:17
DATA: 
Array
(
    [orderNumber] => 4177_4177_1616663030
    [mdOrder] => 58ec7892-42b4-7539-888f-c50002416c52
    [ORDER_ID] => 4177
    [PAYMENT_ID] => 4177
    [PAYMENT] => SBERBANK_POKUPAY
)



SBERBANK_CALLBACK.PHP
----------------------------
DATE: 2021-03-28 05:37:05
DATA: 
Array
(
    [orderNumber] => 4195_4195_1616897828
    [mdOrder] => 9cfb069c-b7b2-7932-81dd-84a302416c52
    [ORDER_ID] => 4195
    [PAYMENT_ID] => 4195
    [PAYMENT] => SBERBANK_POKUPAY
)



SBERBANK_CALLBACK.PHP
----------------------------
DATE: 2021-04-03 04:47:19
DATA: 
Array
(
    [orderNumber] => 4240_4240_1617414046
    [mdOrder] => a3bd8f99-7e69-7a3f-93c8-8d3602416c52
    [ORDER_ID] => 4240
    [PAYMENT_ID] => 4240
    [PAYMENT] => SBERBANK_POKUPAY
)



SBERBANK_CALLBACK.PHP
----------------------------
DATE: 2021-04-20 09:03:23
DATA: 
Array
(
    [orderNumber] => 4377_4377_1618898231
    [mdOrder] => 2b9cd658-72fc-7f2b-98db-dc6f02416c52
    [ORDER_ID] => 4377
    [PAYMENT_ID] => 4377
    [PAYMENT] => SBERBANK_POKUPAY
)



SBERBANK_CALLBACK.PHP
----------------------------
DATE: 2021-04-27 08:13:40
DATA: 
Array
(
    [orderNumber] => 4404_4404_1619499788
    [mdOrder] => d2c35442-accb-7269-b1fa-cd1602416c52
    [ORDER_ID] => 4404
    [PAYMENT_ID] => 4404
    [PAYMENT] => SBERBANK_POKUPAY
)



SBERBANK_CALLBACK.PHP
----------------------------
DATE: 2021-04-28 04:49:56
DATA: 
Array
(
    [orderNumber] => 4426_4426_1619574167
    [mdOrder] => 68c67b39-5593-7b6f-9e3a-0a6702416c52
    [ORDER_ID] => 4426
    [PAYMENT_ID] => 4426
    [PAYMENT] => SBERBANK_POKUPAY
)



SBERBANK_CALLBACK.PHP
----------------------------
DATE: 2021-05-13 04:14:59
DATA: 
Array
(
    [orderNumber] => 4525_4525_1620868272
    [mdOrder] => 02df9362-ed6d-7868-805e-142202416c52
    [ORDER_ID] => 4525
    [PAYMENT_ID] => 4525
    [PAYMENT] => SBERBANK_POKUPAY
)



SBERBANK_CALLBACK.PHP
----------------------------
DATE: 2021-05-25 04:27:53
DATA: 
Array
(
    [orderNumber] => 4626_4626_1621905884
    [mdOrder] => 5b03cb50-50e0-7b97-8375-8bfc02416c52
    [ORDER_ID] => 4626
    [PAYMENT_ID] => 4626
    [PAYMENT] => SBERBANK_POKUPAY
)



SBERBANK_CALLBACK.PHP
----------------------------
DATE: 2021-05-31 10:19:05
DATA: 
Array
(
    [orderNumber] => 4660_4660_1622445084
    [mdOrder] => 61b50fde-439e-7a0f-b6d7-bbe002416c52
    [ORDER_ID] => 4660
    [PAYMENT_ID] => 4660
    [PAYMENT] => SBERBANK_POKUPAY
)



SBERBANK_CALLBACK.PHP
----------------------------
DATE: 2021-06-17 12:53:49
DATA: 
Array
(
    [orderNumber] => 4762_4762_1623923300
    [mdOrder] => dc6ea286-5351-7ed8-a51e-889802416c52
    [ORDER_ID] => 4762
    [PAYMENT_ID] => 4762
    [PAYMENT] => SBERBANK_POKUPAY
)



SBERBANK_CALLBACK.PHP
----------------------------
DATE: 2021-07-01 05:20:43
DATA: 
Array
(
    [orderNumber] => 4824_4824_1625105532
    [mdOrder] => 9e3f24e3-c08f-7bca-845e-c02d02416c52
    [ORDER_ID] => 4824
    [PAYMENT_ID] => 4824
    [PAYMENT] => SBERBANK_POKUPAY
)



SBERBANK_CALLBACK.PHP
----------------------------
DATE: 2021-07-02 05:01:01
DATA: 
Array
(
    [orderNumber] => 4824_4824_1625104842
    [mdOrder] => cc813357-9403-7ebe-a8df-ab4002416c52
    [ORDER_ID] => 4824
    [PAYMENT_ID] => 4824
    [PAYMENT] => SBERBANK_POKUPAY
)



SBERBANK_CALLBACK.PHP
----------------------------
DATE: 2021-07-12 06:06:30
DATA: 
Array
(
    [orderNumber] => 4879_4879_1626058749
    [mdOrder] => 31858e31-4637-7273-b8bd-a3f802416c52
    [ORDER_ID] => 4879
    [PAYMENT_ID] => 4879
    [PAYMENT] => SBERBANK_POKUPAY
)



SBERBANK_CALLBACK.PHP
----------------------------
DATE: 2021-07-13 06:00:02
DATA: 
Array
(
    [orderNumber] => 4879_4879_1626058765
    [mdOrder] => 7d52ef9b-d174-7d0d-aaaf-2fe802416c52
    [ORDER_ID] => 4879
    [PAYMENT_ID] => 4879
    [PAYMENT] => SBERBANK_POKUPAY
)



SBERBANK_CALLBACK.PHP
----------------------------
DATE: 2021-07-13 06:06:01
DATA: 
Array
(
    [orderNumber] => 4879_4879_1626059100
    [mdOrder] => e37526fa-e1db-7221-878c-bd3202416c52
    [ORDER_ID] => 4879
    [PAYMENT_ID] => 4879
    [PAYMENT] => SBERBANK_POKUPAY
)



SBERBANK_CALLBACK.PHP
----------------------------
DATE: 2021-07-14 05:17:02
DATA: 
Array
(
    [orderNumber] => 4898_4898_1626142590
    [mdOrder] => 8151d3e4-b385-7370-8ed7-b9d102416c52
    [ORDER_ID] => 4898
    [PAYMENT_ID] => 4898
    [PAYMENT] => SBERBANK_POKUPAY
)



SBERBANK_CALLBACK.PHP
----------------------------
DATE: 2021-07-21 10:14:20
DATA: 
Array
(
    [orderNumber] => 4938_4938_1626851276
    [mdOrder] => 06089a70-daea-75c0-9a1a-af4002416c52
    [ORDER_ID] => 4938
    [PAYMENT_ID] => 4938
    [PAYMENT] => SBERBANK_POKUPAY
)



SBERBANK_CALLBACK.PHP
----------------------------
DATE: 2021-07-22 07:56:56
DATA: 
Array
(
    [orderNumber] => 4951_4951_1626928943
    [mdOrder] => cd73c818-9dd7-7f2e-9291-e36f02416c52
    [ORDER_ID] => 4951
    [PAYMENT_ID] => 4951
    [PAYMENT] => SBERBANK_POKUPAY
)



SBERBANK_CALLBACK.PHP
----------------------------
DATE: 2021-07-31 15:38:01
DATA: 
Array
(
    [orderNumber] => 5003_5003_1627648653
    [mdOrder] => 0307fbd0-908d-78ec-a0ed-e65202416c52
    [ORDER_ID] => 5003
    [PAYMENT_ID] => 5003
    [PAYMENT] => SBERBANK_POKUPAY
)



SBERBANK_CALLBACK.PHP
----------------------------
DATE: 2021-08-03 05:02:03
DATA: 
Array
(
    [orderNumber] => 5025_5025_1627955890
    [mdOrder] => 165a76ba-5bfd-7ed9-8acf-6f3f02416c52
    [ORDER_ID] => 5025
    [PAYMENT_ID] => 5025
    [PAYMENT] => SBERBANK_POKUPAY
)



SBERBANK_CALLBACK.PHP
----------------------------
DATE: 2021-08-03 05:23:28
DATA: 
Array
(
    [orderNumber] => 5026_5026_1627957261
    [mdOrder] => 2c49d6aa-9e9a-79ce-b571-04d802416c52
    [ORDER_ID] => 5026
    [PAYMENT_ID] => 5026
    [PAYMENT] => SBERBANK_POKUPAY
)



SBERBANK_CALLBACK.PHP
----------------------------
DATE: 2021-08-03 06:13:51
DATA: 
Array
(
    [orderNumber] => 5028_5028_1627960206
    [mdOrder] => d976ec02-1cc7-721c-aed2-37fd02416c52
    [ORDER_ID] => 5028
    [PAYMENT_ID] => 5028
    [PAYMENT] => SBERBANK_POKUPAY
)



SBERBANK_CALLBACK.PHP
----------------------------
DATE: 2021-08-04 05:21:01
DATA: 
Array
(
    [orderNumber] => 5026_5026_1627957231
    [mdOrder] => e70a658a-a0e4-7652-bfce-cfbc02416c52
    [ORDER_ID] => 5026
    [PAYMENT_ID] => 5026
    [PAYMENT] => SBERBANK_POKUPAY
)



SBERBANK_CALLBACK.PHP
----------------------------
DATE: 2021-08-06 12:20:37
DATA: 
Array
(
    [orderNumber] => 5039_5039_1628241487
    [mdOrder] => f3bf322f-7dd6-7a6a-a91e-ad0a02416c52
    [ORDER_ID] => 5039
    [PAYMENT_ID] => 5039
    [PAYMENT] => SBERBANK_POKUPAY
)



SBERBANK_CALLBACK.PHP
----------------------------
DATE: 2021-09-06 08:03:29
DATA: 
Array
(
    [orderNumber] => 5253_5253_1630904248
    [mdOrder] => efcd5507-ae54-7082-8146-ff1502416c52
    [ORDER_ID] => 5253
    [PAYMENT_ID] => 5253
    [PAYMENT] => SBERBANK_POKUPAY
)



SBERBANK_CALLBACK.PHP
----------------------------
DATE: 2021-09-09 09:12:51
DATA: 
Array
(
    [orderNumber] => 5289_5289_1631166380
    [mdOrder] => cacbde94-dd78-7ebb-823b-e29f02416c52
    [ORDER_ID] => 5289
    [PAYMENT_ID] => 5289
    [PAYMENT] => SBERBANK_POKUPAY
)



SBERBANK_CALLBACK.PHP
----------------------------
DATE: 2021-09-09 09:32:24
DATA: 
Array
(
    [orderNumber] => 5289_5289_1631167987
    [mdOrder] => d13bc826-dcf3-730e-a340-702202416c52
    [ORDER_ID] => 5289
    [PAYMENT_ID] => 5289
    [PAYMENT] => SBERBANK_POKUPAY
)



SBERBANK_CALLBACK.PHP
----------------------------
DATE: 2021-09-09 09:48:24
DATA: 
Array
(
    [orderNumber] => 5289_5289_1631169218
    [mdOrder] => b6fff003-ceb9-7379-bd55-e0c002416c52
    [ORDER_ID] => 5289
    [PAYMENT_ID] => 5289
    [PAYMENT] => SBERBANK_POKUPAY
)



SBERBANK_CALLBACK.PHP
----------------------------
DATE: 2021-09-09 10:59:21
DATA: 
Array
(
    [orderNumber] => 5289_5289_1631173247
    [mdOrder] => bb573488-797d-7b40-b5d5-621b02416c52
    [ORDER_ID] => 5289
    [PAYMENT_ID] => 5289
    [PAYMENT] => SBERBANK_POKUPAY
)



SBERBANK_CALLBACK.PHP
----------------------------
DATE: 2021-09-27 13:59:34
DATA: 
Array
(
    [orderNumber] => 5412_5412_1632740079
    [mdOrder] => 26a163c5-5f72-7a1e-a5b9-ce7802416c52
    [ORDER_ID] => 5412
    [PAYMENT_ID] => 5412
    [PAYMENT] => SBERBANK_POKUPAY
)



SBERBANK_CALLBACK.PHP
----------------------------
DATE: 2021-09-29 07:30:21
DATA: 
Array
(
    [orderNumber] => 5437_5437_1632889586
    [mdOrder] => dd3cef5e-a82f-7b9b-9a7b-edc502416c52
    [ORDER_ID] => 5437
    [PAYMENT_ID] => 5437
    [PAYMENT] => SBERBANK_POKUPAY
)



SBERBANK_CALLBACK.PHP
----------------------------
DATE: 2021-09-29 10:14:45
DATA: 
Array
(
    [orderNumber] => 5440_5440_1632899574
    [mdOrder] => 3264ac71-845b-7f5b-ba1a-0ce502416c52
    [ORDER_ID] => 5440
    [PAYMENT_ID] => 5440
    [PAYMENT] => SBERBANK_POKUPAY
)



SBERBANK_CALLBACK.PHP
----------------------------
DATE: 2021-09-29 10:33:27
DATA: 
Array
(
    [orderNumber] => 5440_5440_1632900442
    [mdOrder] => 02f803cb-69bc-7ec0-8755-62e102416c52
    [ORDER_ID] => 5440
    [PAYMENT_ID] => 5440
    [PAYMENT] => SBERBANK_POKUPAY
)



SBERBANK_CALLBACK.PHP
----------------------------
DATE: 2021-10-04 10:04:32
DATA: 
Array
(
    [orderNumber] => 5469_5469_1633330700
    [mdOrder] => d431a552-744e-7615-b4c8-77be02416c52
    [ORDER_ID] => 5469
    [PAYMENT_ID] => 5469
    [PAYMENT] => SBERBANK_POKUPAY
)



SBERBANK_CALLBACK.PHP
----------------------------
DATE: 2021-10-11 10:21:45
DATA: 
Array
(
    [orderNumber] => 5512_5512_1633934939
    [mdOrder] => 02fa0941-9bf4-70e5-ac80-8cdf02416c52
    [ORDER_ID] => 5512
    [PAYMENT_ID] => 5512
    [PAYMENT] => SBERBANK_POKUPAY
)



SBERBANK_CALLBACK.PHP
----------------------------
DATE: 2021-10-11 10:25:09
DATA: 
Array
(
    [orderNumber] => 0
    [mdOrder] => 0
    [ORDER_ID] => 5512
    [PAYMENT_ID] => 5512
    [PAYMENT] => SBERBANK_POKUPAY
)



SBERBANK_CALLBACK.PHP
----------------------------
DATE: 2021-10-11 12:06:44
DATA: 
Array
(
    [orderNumber] => 5512_5512_1633942738
    [mdOrder] => a124ef9b-7889-7197-8340-b7d002416c52
    [ORDER_ID] => 5512
    [PAYMENT_ID] => 5512
    [PAYMENT] => SBERBANK_POKUPAY
)



SBERBANK_CALLBACK.PHP
----------------------------
DATE: 2021-10-22 15:59:07
DATA: 
Array
(
    [orderNumber] => 5585_5585_1634907068
    [mdOrder] => 5d0c85a9-2835-720d-9ee1-fdb002416c52
    [ORDER_ID] => 5585
    [PAYMENT_ID] => 5585
    [PAYMENT] => SBERBANK_POKUPAY
)



SBERBANK_CALLBACK.PHP
----------------------------
DATE: 2021-10-25 01:23:01
DATA: 
Array
(
    [orderNumber] => 5469_5469_1635113963
    [mdOrder] => 1e14c814-cdae-7032-b2ef-f66f02416c52
    [ORDER_ID] => 5469
    [PAYMENT_ID] => 5469
    [PAYMENT] => SBERBANK_POKUPAY
)



SBERBANK_CALLBACK.PHP
----------------------------
DATE: 2021-11-10 08:28:20
DATA: 
Array
(
    [orderNumber] => 5700_5700_1636521501
    [mdOrder] => 0082a28f-4281-7011-be96-143d02416c52
    [ORDER_ID] => 5700
    [PAYMENT_ID] => 5700
    [PAYMENT] => SBERBANK_POKUPAY
)



SBERBANK_CALLBACK.PHP
----------------------------
DATE: 2021-11-30 08:36:11
DATA: 
Array
(
    [orderNumber] => 5822_5822_1638250275
    [mdOrder] => dcba768f-4fa1-7388-9eb1-490402416c52
    [ORDER_ID] => 5822
    [PAYMENT_ID] => 5822
    [PAYMENT] => SBERBANK_POKUPAY
)



SBERBANK_CALLBACK.PHP
----------------------------
DATE: 2021-12-08 10:26:56
DATA: 
Array
(
    [orderNumber] => 5857_5857_1638947948
    [mdOrder] => 55b61300-00f3-75d7-b88c-c61202416c52
    [ORDER_ID] => 5857
    [PAYMENT_ID] => 5857
    [PAYMENT] => SBERBANK_POKUPAY
)



SBERBANK_CALLBACK.PHP
----------------------------
DATE: 2021-12-08 10:27:45
DATA: 
Array
(
    [orderNumber] => 0
    [mdOrder] => 0
    [ORDER_ID] => 5857
    [PAYMENT_ID] => 5857
    [PAYMENT] => SBERBANK_POKUPAY
)



SBERBANK_CALLBACK.PHP
----------------------------
DATE: 2021-12-10 09:49:02
DATA: 
Array
(
    [orderNumber] => 5865_5865_1639118628
    [mdOrder] => 4b437fe6-2545-70c2-95ed-b82a02416c52
    [ORDER_ID] => 5865
    [PAYMENT_ID] => 5865
    [PAYMENT] => SBERBANK_POKUPAY
)



SBERBANK_CALLBACK.PHP
----------------------------
DATE: 2021-12-14 04:27:24
DATA: 
Array
(
    [orderNumber] => 5884_5884_1639445089
    [mdOrder] => bb57f22d-16b7-7218-922d-5fb302416c52
    [ORDER_ID] => 5884
    [PAYMENT_ID] => 5884
    [PAYMENT] => SBERBANK_POKUPAY
)



SBERBANK_CALLBACK.PHP
----------------------------
DATE: 2021-12-15 05:57:45
DATA: 
Array
(
    [orderNumber] => 5895_5895_1639533335
    [mdOrder] => a3999d0c-90ca-74e6-9bcf-3c9002416c52
    [ORDER_ID] => 5895
    [PAYMENT_ID] => 5895
    [PAYMENT] => SBERBANK_POKUPAY
)



SBERBANK_CALLBACK.PHP
----------------------------
DATE: 2022-01-12 08:58:15
DATA: 
Array
(
    [orderNumber] => 6098_6098_1641966954
    [mdOrder] => 384a3296-8bea-7e3c-9521-875f02416c52
    [ORDER_ID] => 6098
    [PAYMENT_ID] => 6098
    [PAYMENT] => SBERBANK_POKUPAY
)



SBERBANK_CALLBACK.PHP
----------------------------
DATE: 2022-01-16 04:54:51
DATA: 
Array
(
    [orderNumber] => 0
    [mdOrder] => 0
    [ORDER_ID] => 6123
    [PAYMENT_ID] => 6123
    [PAYMENT] => SBERBANK_POKUPAY
)



SBERBANK_CALLBACK.PHP
----------------------------
DATE: 2022-01-17 08:28:01
DATA: 
Array
(
    [orderNumber] => 6119_6119_1642397080
    [mdOrder] => 4e7ffb2a-a5bd-7f1f-97ed-a04f02416c52
    [ORDER_ID] => 6119
    [PAYMENT_ID] => 6119
    [PAYMENT] => SBERBANK_POKUPAY
)



SBERBANK_CALLBACK.PHP
----------------------------
DATE: 2022-01-20 09:33:56
DATA: 
Array
(
    [orderNumber] => 0
    [mdOrder] => 0
    [ORDER_ID] => 0
    [PAYMENT_ID] => 0
    [PAYMENT] => SBERBANK_POKUPAY
)



SBERBANK_CALLBACK.PHP
----------------------------
DATE: 2022-01-20 09:33:56
DATA: 
Array
(
    [orderNumber] => 6140_6140_1642660421
    [mdOrder] => e826dedf-329e-70b1-ae54-55d802416c52
    [ORDER_ID] => 6140
    [PAYMENT_ID] => 6140
    [PAYMENT] => SBERBANK_POKUPAY
)



SBERBANK_CALLBACK.PHP
----------------------------
DATE: 2022-01-20 09:36:55
DATA: 
Array
(
    [orderNumber] => 0
    [mdOrder] => 0
    [ORDER_ID] => 0
    [PAYMENT_ID] => 0
    [PAYMENT] => SBERBANK_POKUPAY
)



SBERBANK_CALLBACK.PHP
----------------------------
DATE: 2022-06-04 09:02:26
DATA: 
Array
(
    [orderNumber] => 7117_7117_1654322426
    [mdOrder] => 4e025fe6-f653-7dc3-86bb-e62302416c52
    [ORDER_ID] => 7117
    [PAYMENT_ID] => 7117
    [PAYMENT] => SBERBANK_POKUPAY
)



SBERBANK_CALLBACK.PHP
----------------------------
DATE: 2022-06-10 05:58:56
DATA: 
Array
(
    [orderNumber] => 7165_7165_1654829705
    [mdOrder] => 9a4eb730-5161-7229-a757-49ed02416c52
    [ORDER_ID] => 7165
    [PAYMENT_ID] => 7165
    [PAYMENT] => SBERBANK_POKUPAY
)



SBERBANK_CALLBACK.PHP
----------------------------
DATE: 2022-07-04 03:42:05
DATA: 
Array
(
    [orderNumber] => 7320_7320_1656895152
    [mdOrder] => 4ccc4303-7647-79cc-a52e-cdc902416c52
    [ORDER_ID] => 7320
    [PAYMENT_ID] => 7320
    [PAYMENT] => SBERBANK_POKUPAY
)



SBERBANK_CALLBACK.PHP
----------------------------
DATE: 2022-07-11 04:25:16
DATA: 
Array
(
    [orderNumber] => 7361_7361_1657502307
    [mdOrder] => 8cb88a7f-7352-7d3f-b801-454002416c52
    [ORDER_ID] => 7361
    [PAYMENT_ID] => 7361
    [PAYMENT] => SBERBANK_POKUPAY
)



SBERBANK_CALLBACK.PHP
----------------------------
DATE: 2022-09-19 09:51:09
DATA: 
Array
(
    [orderNumber] => 7766_7766_1663569677
    [mdOrder] => fce18a5d-3d68-79c9-b333-a4f402416c52
    [ORDER_ID] => 7766
    [PAYMENT_ID] => 7766
    [PAYMENT] => SBERBANK_POKUPAY
)



